<?xml version="1.0" encoding="UTF-8"?>
<!-- Generated by org.testng.reporters.JUnitReportReporter -->
<testsuite hostname="AXQC-L26" name="selenium_api.Topic_4_WebDriver_WebElement" tests="1" failures="0" timestamp="5 Aug 2022 09:09:02 GMT" time="0.073" errors="0">
  <testcase name="TC_WebDriver" time="0.073" classname="selenium_api.Topic_4_WebDriver_WebElement"/>
</testsuite> <!-- selenium_api.Topic_4_WebDriver_WebElement -->
