<?xml version="1.0" encoding="UTF-8"?>
<!-- Generated by org.testng.reporters.JUnitReportReporter -->
<testsuite hostname="AXQC-L26" name="selenium_api.Extra_ShadowDOMElement" tests="1" failures="0" timestamp="9 Sep 2022 07:26:32 GMT" time="8.017" errors="0">
  <testcase name="shadowDom_shopee" time="8.017" classname="selenium_api.Extra_ShadowDOMElement"/>
</testsuite> <!-- selenium_api.Extra_ShadowDOMElement -->
