<?xml version="1.0" encoding="UTF-8"?>
<!-- Generated by org.testng.reporters.JUnitReportReporter -->
<testsuite hostname="AXQC-L26" name="exercise.Topic_14_Wait_WebDriverWait_FluentWait" tests="1" failures="0" timestamp="30 Aug 2022 09:28:06 GMT" time="4.425" errors="0">
  <testcase name="ImplicitWait_Example" time="4.425" classname="exercise.Topic_14_Wait_WebDriverWait_FluentWait"/>
</testsuite> <!-- exercise.Topic_14_Wait_WebDriverWait_FluentWait -->
