<?xml version="1.0" encoding="UTF-8"?>
<!-- Generated by org.testng.reporters.JUnitReportReporter -->
<testsuite hostname="AXQC-L26" name="selenium_api.Topic_6_CustomDropdown" tests="1" failures="0" timestamp="20 Sep 2022 02:19:01 GMT" time="3.408" errors="0">
  <testcase name="TC_02_CustomDropdown" time="3.408" classname="selenium_api.Topic_6_CustomDropdown"/>
</testsuite> <!-- selenium_api.Topic_6_CustomDropdown -->
